{"/Users/bryanlee/Desktop/udemy/junior-to-senior/robofriends-redux2/src/actions.js": {"path":"/Users/bryanlee/Desktop/udemy/junior-to-senior/robofriends-redux2/src/actions.js","statementMap":{"0":{"start":{"line":1,"column":13},"end":{"line":1,"column":75}},"1":{"start":{"line":1,"column":75},"end":{"line":1,"column":134}},"2":{"start":{"line":1,"column":145},"end":{"line":1,"column":165}},"3":{"start":{"line":2,"column":17},"end":{"line":2,"column":39}},"4":{"start":{"line":10,"column":23},"end":{"line":10,"column":112}},"5":{"start":{"line":10,"column":57},"end":{"line":10,"column":111}},"6":{"start":{"line":12,"column":22},"end":{"line":17,"column":1}},"7":{"start":{"line":12,"column":52},"end":{"line":17,"column":1}},"8":{"start":{"line":13,"column":2},"end":{"line":13,"column":56}},"9":{"start":{"line":14,"column":2},"end":{"line":16,"column":87}},"10":{"start":{"line":15,"column":15},"end":{"line":15,"column":83}},"11":{"start":{"line":16,"column":17},"end":{"line":16,"column":85}}},"fnMap":{"0":{"name":"(anonymous_0)","decl":{"start":{"line":10,"column":48},"end":{"line":10,"column":49}},"loc":{"start":{"line":10,"column":57},"end":{"line":10,"column":111}},"line":10},"1":{"name":"(anonymous_1)","decl":{"start":{"line":12,"column":46},"end":{"line":12,"column":47}},"loc":{"start":{"line":12,"column":52},"end":{"line":17,"column":1}},"line":12},"2":{"name":"(anonymous_2)","decl":{"start":{"line":12,"column":52},"end":{"line":12,"column":53}},"loc":{"start":{"line":12,"column":64},"end":{"line":17,"column":1}},"line":12},"3":{"name":"(anonymous_3)","decl":{"start":{"line":15,"column":7},"end":{"line":15,"column":8}},"loc":{"start":{"line":15,"column":15},"end":{"line":15,"column":83}},"line":15},"4":{"name":"(anonymous_4)","decl":{"start":{"line":16,"column":8},"end":{"line":16,"column":9}},"loc":{"start":{"line":16,"column":17},"end":{"line":16,"column":85}},"line":16}},"branchMap":{},"s":{"0":0,"1":0,"2":0,"3":0,"4":0,"5":0,"6":0,"7":0,"8":0,"9":0,"10":0,"11":0},"f":{"0":0,"1":0,"2":0,"3":0,"4":0},"b":{}}
,"/Users/bryanlee/Desktop/udemy/junior-to-senior/robofriends-redux2/src/constants.js": {"path":"/Users/bryanlee/Desktop/udemy/junior-to-senior/robofriends-redux2/src/constants.js","statementMap":{"0":{"start":{"line":1,"column":13},"end":{"line":1,"column":75}},"1":{"start":{"line":1,"column":102},"end":{"line":1,"column":151}},"2":{"start":{"line":3,"column":31},"end":{"line":3,"column":88}},"3":{"start":{"line":4,"column":31},"end":{"line":4,"column":88}},"4":{"start":{"line":5,"column":30},"end":{"line":5,"column":85}}},"fnMap":{},"branchMap":{},"s":{"0":0,"1":0,"2":0,"3":0,"4":0},"f":{},"b":{}}
,"/Users/bryanlee/Desktop/udemy/junior-to-senior/robofriends-redux2/src/index.js": {"path":"/Users/bryanlee/Desktop/udemy/junior-to-senior/robofriends-redux2/src/index.js","statementMap":{"0":{"start":{"line":1,"column":32},"end":{"line":1,"column":112}},"1":{"start":{"line":1,"column":126},"end":{"line":1,"column":142}},"2":{"start":{"line":1,"column":157},"end":{"line":1,"column":187}},"3":{"start":{"line":2,"column":16},"end":{"line":2,"column":36}},"4":{"start":{"line":2,"column":54},"end":{"line":2,"column":87}},"5":{"start":{"line":3,"column":13},"end":{"line":3,"column":29}},"6":{"start":{"line":4,"column":18},"end":{"line":4,"column":40}},"7":{"start":{"line":5,"column":18},"end":{"line":5,"column":40}},"8":{"start":{"line":5,"column":60},"end":{"line":5,"column":95}},"9":{"start":{"line":6,"column":19},"end":{"line":6,"column":42}},"10":{"start":{"line":7,"column":0},"end":{"line":7,"column":20}},"11":{"start":{"line":9,"column":11},"end":{"line":9,"column":38}},"12":{"start":{"line":9,"column":51},"end":{"line":9,"column":79}},"13":{"start":{"line":10,"column":21},"end":{"line":10,"column":47}},"14":{"start":{"line":10,"column":68},"end":{"line":10,"column":107}},"15":{"start":{"line":11,"column":16},"end":{"line":11,"column":37}},"16":{"start":{"line":13,"column":0},"end":{"line":13,"column":23}},"17":{"start":{"line":13,"column":62},"end":{"line":13,"column":278}},"18":{"start":{"line":13,"column":90},"end":{"line":13,"column":101}},"19":{"start":{"line":13,"column":122},"end":{"line":13,"column":124}},"20":{"start":{"line":13,"column":125},"end":{"line":13,"column":242}},"21":{"start":{"line":13,"column":143},"end":{"line":13,"column":241}},"22":{"start":{"line":13,"column":165},"end":{"line":13,"column":240}},"23":{"start":{"line":13,"column":217},"end":{"line":13,"column":240}},"24":{"start":{"line":13,"column":242},"end":{"line":13,"column":263}},"25":{"start":{"line":13,"column":263},"end":{"line":13,"column":277}},"26":{"start":{"line":13,"column":317},"end":{"line":13,"column":371}},"27":{"start":{"line":15,"column":15},"end":{"line":15,"column":47}},"28":{"start":{"line":17,"column":21},"end":{"line":17,"column":130}},"29":{"start":{"line":19,"column":14},"end":{"line":19,"column":110}},"30":{"start":{"line":21,"column":0},"end":{"line":25,"column":33}},"31":{"start":{"line":31,"column":0},"end":{"line":31,"column":25}}},"fnMap":{"0":{"name":"_interopRequireWildcard","decl":{"start":{"line":13,"column":32},"end":{"line":13,"column":55}},"loc":{"start":{"line":13,"column":61},"end":{"line":13,"column":279}},"line":13},"1":{"name":"_interopRequireDefault","decl":{"start":{"line":13,"column":288},"end":{"line":13,"column":310}},"loc":{"start":{"line":13,"column":316},"end":{"line":13,"column":372}},"line":13}},"branchMap":{"0":{"loc":{"start":{"line":13,"column":62},"end":{"line":13,"column":278}},"type":"if","locations":[{"start":{"line":13,"column":62},"end":{"line":13,"column":278}},{"start":{"line":13,"column":62},"end":{"line":13,"column":278}}],"line":13},"1":{"loc":{"start":{"line":13,"column":66},"end":{"line":13,"column":87}},"type":"binary-expr","locations":[{"start":{"line":13,"column":66},"end":{"line":13,"column":69}},{"start":{"line":13,"column":73},"end":{"line":13,"column":87}}],"line":13},"2":{"loc":{"start":{"line":13,"column":125},"end":{"line":13,"column":242}},"type":"if","locations":[{"start":{"line":13,"column":125},"end":{"line":13,"column":242}},{"start":{"line":13,"column":125},"end":{"line":13,"column":242}}],"line":13},"3":{"loc":{"start":{"line":13,"column":165},"end":{"line":13,"column":240}},"type":"if","locations":[{"start":{"line":13,"column":165},"end":{"line":13,"column":240}},{"start":{"line":13,"column":165},"end":{"line":13,"column":240}}],"line":13},"4":{"loc":{"start":{"line":13,"column":324},"end":{"line":13,"column":370}},"type":"cond-expr","locations":[{"start":{"line":13,"column":348},"end":{"line":13,"column":351}},{"start":{"line":13,"column":354},"end":{"line":13,"column":370}}],"line":13},"5":{"loc":{"start":{"line":13,"column":324},"end":{"line":13,"column":345}},"type":"binary-expr","locations":[{"start":{"line":13,"column":324},"end":{"line":13,"column":327}},{"start":{"line":13,"column":331},"end":{"line":13,"column":345}}],"line":13}},"s":{"0":0,"1":0,"2":0,"3":0,"4":0,"5":0,"6":0,"7":0,"8":0,"9":0,"10":0,"11":0,"12":0,"13":0,"14":0,"15":0,"16":0,"17":0,"18":0,"19":0,"20":0,"21":0,"22":0,"23":0,"24":0,"25":0,"26":0,"27":0,"28":0,"29":0,"30":0,"31":0},"f":{"0":0,"1":0},"b":{"0":[0,0],"1":[0,0],"2":[0,0],"3":[0,0],"4":[0,0],"5":[0,0]}}
,"/Users/bryanlee/Desktop/udemy/junior-to-senior/robofriends-redux2/src/reducers.js": {"path":"/Users/bryanlee/Desktop/udemy/junior-to-senior/robofriends-redux2/src/reducers.js","statementMap":{"0":{"start":{"line":1,"column":13},"end":{"line":1,"column":75}},"1":{"start":{"line":1,"column":75},"end":{"line":1,"column":132}},"2":{"start":{"line":1,"column":149},"end":{"line":1,"column":171}},"3":{"start":{"line":8,"column":27},"end":{"line":9,"column":19}},"4":{"start":{"line":12,"column":21},"end":{"line":19,"column":1}},"5":{"start":{"line":13,"column":2},"end":{"line":17,"column":20}},"6":{"start":{"line":15,"column":6},"end":{"line":15,"column":71}},"7":{"start":{"line":17,"column":6},"end":{"line":17,"column":19}},"8":{"start":{"line":21,"column":27},"end":{"line":23,"column":19}},"9":{"start":{"line":26,"column":22},"end":{"line":37,"column":1}},"10":{"start":{"line":27,"column":2},"end":{"line":35,"column":20}},"11":{"start":{"line":29,"column":6},"end":{"line":29,"column":59}},"12":{"start":{"line":31,"column":6},"end":{"line":31,"column":84}},"13":{"start":{"line":33,"column":6},"end":{"line":33,"column":65}},"14":{"start":{"line":35,"column":6},"end":{"line":35,"column":19}}},"fnMap":{"0":{"name":"(anonymous_0)","decl":{"start":{"line":12,"column":44},"end":{"line":12,"column":45}},"loc":{"start":{"line":12,"column":89},"end":{"line":19,"column":1}},"line":12},"1":{"name":"(anonymous_1)","decl":{"start":{"line":26,"column":46},"end":{"line":26,"column":47}},"loc":{"start":{"line":26,"column":91},"end":{"line":37,"column":1}},"line":26}},"branchMap":{"0":{"loc":{"start":{"line":12,"column":45},"end":{"line":12,"column":71}},"type":"default-arg","locations":[{"start":{"line":12,"column":53},"end":{"line":12,"column":71}}],"line":12},"1":{"loc":{"start":{"line":12,"column":73},"end":{"line":12,"column":84}},"type":"default-arg","locations":[{"start":{"line":12,"column":82},"end":{"line":12,"column":84}}],"line":12},"2":{"loc":{"start":{"line":13,"column":2},"end":{"line":17,"column":20}},"type":"switch","locations":[{"start":{"line":14,"column":4},"end":{"line":15,"column":71}},{"start":{"line":16,"column":4},"end":{"line":17,"column":19}}],"line":13},"3":{"loc":{"start":{"line":26,"column":47},"end":{"line":26,"column":73}},"type":"default-arg","locations":[{"start":{"line":26,"column":55},"end":{"line":26,"column":73}}],"line":26},"4":{"loc":{"start":{"line":26,"column":75},"end":{"line":26,"column":86}},"type":"default-arg","locations":[{"start":{"line":26,"column":84},"end":{"line":26,"column":86}}],"line":26},"5":{"loc":{"start":{"line":27,"column":2},"end":{"line":35,"column":20}},"type":"switch","locations":[{"start":{"line":28,"column":4},"end":{"line":29,"column":59}},{"start":{"line":30,"column":4},"end":{"line":31,"column":84}},{"start":{"line":32,"column":4},"end":{"line":33,"column":65}},{"start":{"line":34,"column":4},"end":{"line":35,"column":19}}],"line":27}},"s":{"0":0,"1":0,"2":0,"3":0,"4":0,"5":0,"6":0,"7":0,"8":0,"9":0,"10":0,"11":0,"12":0,"13":0,"14":0},"f":{"0":0,"1":0},"b":{"0":[0],"1":[0],"2":[0,0],"3":[0],"4":[0],"5":[0,0,0,0]}}
,"/Users/bryanlee/Desktop/udemy/junior-to-senior/robofriends-redux2/src/serviceWorker.js": {"path":"/Users/bryanlee/Desktop/udemy/junior-to-senior/robofriends-redux2/src/serviceWorker.js","statementMap":{"0":{"start":{"line":1,"column":13},"end":{"line":1,"column":75}},"1":{"start":{"line":1,"column":75},"end":{"line":23,"column":20}},"2":{"start":{"line":23,"column":20},"end":{"line":131,"column":24}},"3":{"start":{"line":140,"column":20},"end":{"line":142,"column":89}},"4":{"start":{"line":142,"column":117},"end":{"line":150,"column":44}},"5":{"start":{"line":143,"column":22},"end":{"line":143,"column":75}},"6":{"start":{"line":143,"column":76},"end":{"line":146,"column":14}},"7":{"start":{"line":146,"column":6},"end":{"line":146,"column":13}},"8":{"start":{"line":146,"column":14},"end":{"line":150,"column":43}},"9":{"start":{"line":146,"column":67},"end":{"line":146,"column":112}},"10":{"start":{"line":146,"column":113},"end":{"line":150,"column":40}},"11":{"start":{"line":147,"column":8},"end":{"line":147,"column":47}},"12":{"start":{"line":149,"column":8},"end":{"line":149,"column":179}},"13":{"start":{"line":149,"column":50},"end":{"line":149,"column":176}},"14":{"start":{"line":150,"column":8},"end":{"line":150,"column":39}},"15":{"start":{"line":150,"column":86},"end":{"line":158,"column":171}},"16":{"start":{"line":150,"column":148},"end":{"line":158,"column":83}},"17":{"start":{"line":150,"column":209},"end":{"line":150,"column":232}},"18":{"start":{"line":150,"column":233},"end":{"line":150,"column":272}},"19":{"start":{"line":150,"column":264},"end":{"line":150,"column":271}},"20":{"start":{"line":150,"column":272},"end":{"line":158,"column":81}},"21":{"start":{"line":150,"column":312},"end":{"line":158,"column":79}},"22":{"start":{"line":150,"column":357},"end":{"line":158,"column":78}},"23":{"start":{"line":153,"column":12},"end":{"line":153,"column":142}},"24":{"start":{"line":154,"column":12},"end":{"line":154,"column":75}},"25":{"start":{"line":154,"column":44},"end":{"line":154,"column":74}},"26":{"start":{"line":157,"column":12},"end":{"line":157,"column":62}},"27":{"start":{"line":158,"column":12},"end":{"line":158,"column":77}},"28":{"start":{"line":158,"column":45},"end":{"line":158,"column":76}},"29":{"start":{"line":158,"column":102},"end":{"line":158,"column":168}},"30":{"start":{"line":159,"column":2},"end":{"line":162,"column":134}},"31":{"start":{"line":160,"column":24},"end":{"line":160,"column":60}},"32":{"start":{"line":160,"column":61},"end":{"line":162,"column":38}},"33":{"start":{"line":161,"column":6},"end":{"line":161,"column":127}},"34":{"start":{"line":161,"column":58},"end":{"line":161,"column":124}},"35":{"start":{"line":161,"column":96},"end":{"line":161,"column":121}},"36":{"start":{"line":162,"column":6},"end":{"line":162,"column":37}},"37":{"start":{"line":162,"column":54},"end":{"line":162,"column":131}},"38":{"start":{"line":162,"column":158},"end":{"line":162,"column":323}},"39":{"start":{"line":162,"column":193},"end":{"line":162,"column":322}},"40":{"start":{"line":162,"column":245},"end":{"line":162,"column":271}},"41":{"start":{"line":162,"column":290},"end":{"line":162,"column":319}}},"fnMap":{"0":{"name":"register","decl":{"start":{"line":142,"column":99},"end":{"line":142,"column":107}},"loc":{"start":{"line":142,"column":116},"end":{"line":150,"column":45}},"line":142},"1":{"name":"(anonymous_1)","decl":{"start":{"line":146,"column":46},"end":{"line":146,"column":47}},"loc":{"start":{"line":146,"column":52},"end":{"line":150,"column":41}},"line":146},"2":{"name":"(anonymous_2)","decl":{"start":{"line":149,"column":43},"end":{"line":149,"column":44}},"loc":{"start":{"line":149,"column":49},"end":{"line":149,"column":177}},"line":149},"3":{"name":"registerValidSW","decl":{"start":{"line":150,"column":54},"end":{"line":150,"column":69}},"loc":{"start":{"line":150,"column":85},"end":{"line":158,"column":172}},"line":150},"4":{"name":"(anonymous_4)","decl":{"start":{"line":150,"column":131},"end":{"line":150,"column":132}},"loc":{"start":{"line":150,"column":147},"end":{"line":158,"column":84}},"line":150},"5":{"name":"(anonymous_5)","decl":{"start":{"line":150,"column":177},"end":{"line":150,"column":178}},"loc":{"start":{"line":150,"column":183},"end":{"line":158,"column":82}},"line":150},"6":{"name":"(anonymous_6)","decl":{"start":{"line":150,"column":305},"end":{"line":150,"column":306}},"loc":{"start":{"line":150,"column":311},"end":{"line":158,"column":80}},"line":150},"7":{"name":"(anonymous_7)","decl":{"start":{"line":158,"column":92},"end":{"line":158,"column":93}},"loc":{"start":{"line":158,"column":101},"end":{"line":158,"column":169}},"line":158},"8":{"name":"checkValidServiceWorker","decl":{"start":{"line":158,"column":181},"end":{"line":158,"column":204}},"loc":{"start":{"line":158,"column":220},"end":{"line":162,"column":135}},"line":158},"9":{"name":"(anonymous_9)","decl":{"start":{"line":159,"column":65},"end":{"line":159,"column":66}},"loc":{"start":{"line":159,"column":77},"end":{"line":162,"column":39}},"line":159},"10":{"name":"(anonymous_10)","decl":{"start":{"line":161,"column":41},"end":{"line":161,"column":42}},"loc":{"start":{"line":161,"column":57},"end":{"line":161,"column":125}},"line":161},"11":{"name":"(anonymous_11)","decl":{"start":{"line":161,"column":89},"end":{"line":161,"column":90}},"loc":{"start":{"line":161,"column":95},"end":{"line":161,"column":122}},"line":161},"12":{"name":"(anonymous_12)","decl":{"start":{"line":162,"column":47},"end":{"line":162,"column":48}},"loc":{"start":{"line":162,"column":53},"end":{"line":162,"column":132}},"line":162},"13":{"name":"unregister","decl":{"start":{"line":162,"column":144},"end":{"line":162,"column":154}},"loc":{"start":{"line":162,"column":157},"end":{"line":162,"column":324}},"line":162},"14":{"name":"(anonymous_14)","decl":{"start":{"line":162,"column":228},"end":{"line":162,"column":229}},"loc":{"start":{"line":162,"column":244},"end":{"line":162,"column":272}},"line":162},"15":{"name":"(anonymous_15)","decl":{"start":{"line":162,"column":280},"end":{"line":162,"column":281}},"loc":{"start":{"line":162,"column":289},"end":{"line":162,"column":320}},"line":162}},"branchMap":{"0":{"loc":{"start":{"line":140,"column":28},"end":{"line":142,"column":88}},"type":"binary-expr","locations":[{"start":{"line":140,"column":28},"end":{"line":140,"column":68}},{"start":{"line":141,"column":0},"end":{"line":141,"column":36}},{"start":{"line":142,"column":0},"end":{"line":142,"column":88}}],"line":140},"1":{"loc":{"start":{"line":142,"column":117},"end":{"line":150,"column":44}},"type":"if","locations":[{"start":{"line":142,"column":117},"end":{"line":150,"column":44}},{"start":{"line":142,"column":117},"end":{"line":150,"column":44}}],"line":142},"2":{"loc":{"start":{"line":142,"column":121},"end":{"line":142,"column":190}},"type":"binary-expr","locations":[{"start":{"line":142,"column":121},"end":{"line":142,"column":158}},{"start":{"line":142,"column":162},"end":{"line":142,"column":190}}],"line":142},"3":{"loc":{"start":{"line":143,"column":76},"end":{"line":146,"column":14}},"type":"if","locations":[{"start":{"line":143,"column":76},"end":{"line":146,"column":14}},{"start":{"line":143,"column":76},"end":{"line":146,"column":14}}],"line":143},"4":{"loc":{"start":{"line":146,"column":113},"end":{"line":150,"column":40}},"type":"if","locations":[{"start":{"line":146,"column":113},"end":{"line":150,"column":40}},{"start":{"line":146,"column":113},"end":{"line":150,"column":40}}],"line":146},"5":{"loc":{"start":{"line":150,"column":233},"end":{"line":150,"column":272}},"type":"if","locations":[{"start":{"line":150,"column":233},"end":{"line":150,"column":272}},{"start":{"line":150,"column":233},"end":{"line":150,"column":272}}],"line":150},"6":{"loc":{"start":{"line":150,"column":312},"end":{"line":158,"column":79}},"type":"if","locations":[{"start":{"line":150,"column":312},"end":{"line":158,"column":79}},{"start":{"line":150,"column":312},"end":{"line":158,"column":79}}],"line":150},"7":{"loc":{"start":{"line":150,"column":357},"end":{"line":158,"column":78}},"type":"if","locations":[{"start":{"line":150,"column":357},"end":{"line":158,"column":78}},{"start":{"line":150,"column":357},"end":{"line":158,"column":78}}],"line":150},"8":{"loc":{"start":{"line":154,"column":12},"end":{"line":154,"column":75}},"type":"if","locations":[{"start":{"line":154,"column":12},"end":{"line":154,"column":75}},{"start":{"line":154,"column":12},"end":{"line":154,"column":75}}],"line":154},"9":{"loc":{"start":{"line":154,"column":16},"end":{"line":154,"column":41}},"type":"binary-expr","locations":[{"start":{"line":154,"column":16},"end":{"line":154,"column":22}},{"start":{"line":154,"column":26},"end":{"line":154,"column":41}}],"line":154},"10":{"loc":{"start":{"line":158,"column":12},"end":{"line":158,"column":77}},"type":"if","locations":[{"start":{"line":158,"column":12},"end":{"line":158,"column":77}},{"start":{"line":158,"column":12},"end":{"line":158,"column":77}}],"line":158},"11":{"loc":{"start":{"line":158,"column":16},"end":{"line":158,"column":42}},"type":"binary-expr","locations":[{"start":{"line":158,"column":16},"end":{"line":158,"column":22}},{"start":{"line":158,"column":26},"end":{"line":158,"column":42}}],"line":158},"12":{"loc":{"start":{"line":160,"column":61},"end":{"line":162,"column":38}},"type":"if","locations":[{"start":{"line":160,"column":61},"end":{"line":162,"column":38}},{"start":{"line":160,"column":61},"end":{"line":162,"column":38}}],"line":160},"13":{"loc":{"start":{"line":160,"column":65},"end":{"line":160,"column":155}},"type":"binary-expr","locations":[{"start":{"line":160,"column":65},"end":{"line":160,"column":88}},{"start":{"line":160,"column":92},"end":{"line":160,"column":111}},{"start":{"line":160,"column":115},"end":{"line":160,"column":155}}],"line":160},"14":{"loc":{"start":{"line":162,"column":158},"end":{"line":162,"column":323}},"type":"if","locations":[{"start":{"line":162,"column":158},"end":{"line":162,"column":323}},{"start":{"line":162,"column":158},"end":{"line":162,"column":323}}],"line":162}},"s":{"0":0,"1":0,"2":0,"3":0,"4":0,"5":0,"6":0,"7":0,"8":0,"9":0,"10":0,"11":0,"12":0,"13":0,"14":0,"15":0,"16":0,"17":0,"18":0,"19":0,"20":0,"21":0,"22":0,"23":0,"24":0,"25":0,"26":0,"27":0,"28":0,"29":0,"30":0,"31":0,"32":0,"33":0,"34":0,"35":0,"36":0,"37":0,"38":0,"39":0,"40":0,"41":0},"f":{"0":0,"1":0,"2":0,"3":0,"4":0,"5":0,"6":0,"7":0,"8":0,"9":0,"10":0,"11":0,"12":0,"13":0,"14":0,"15":0},"b":{"0":[0,0,0],"1":[0,0],"2":[0,0],"3":[0,0],"4":[0,0],"5":[0,0],"6":[0,0],"7":[0,0],"8":[0,0],"9":[0,0],"10":[0,0],"11":[0,0],"12":[0,0],"13":[0,0,0],"14":[0,0]}}
,"/Users/bryanlee/Desktop/udemy/junior-to-senior/robofriends-redux2/src/setupTests.js": {"path":"/Users/bryanlee/Desktop/udemy/junior-to-senior/robofriends-redux2/src/setupTests.js","statementMap":{"0":{"start":{"line":4,"column":0},"end":{"line":4,"column":38}}},"fnMap":{},"branchMap":{},"s":{"0":4},"f":{},"b":{},"_coverageSchema":"332fd63041d2c1bcb487cc26dd0d5f7d97098a6c","hash":"3214fe1865fa8d94789b2842e99f29d1b8d9005c"}
,"/Users/bryanlee/Desktop/udemy/junior-to-senior/robofriends-redux2/src/api/api.js": {"path":"/Users/bryanlee/Desktop/udemy/junior-to-senior/robofriends-redux2/src/api/api.js","statementMap":{"0":{"start":{"line":1,"column":13},"end":{"line":1,"column":75}},"1":{"start":{"line":1,"column":91},"end":{"line":2,"column":45}},"2":{"start":{"line":2,"column":0},"end":{"line":2,"column":45}},"3":{"start":{"line":2,"column":29},"end":{"line":2,"column":44}}},"fnMap":{"0":{"name":"(anonymous_0)","decl":{"start":{"line":1,"column":109},"end":{"line":1,"column":110}},"loc":{"start":{"line":2,"column":0},"end":{"line":2,"column":45}},"line":2},"1":{"name":"(anonymous_1)","decl":{"start":{"line":2,"column":17},"end":{"line":2,"column":18}},"loc":{"start":{"line":2,"column":29},"end":{"line":2,"column":44}},"line":2}},"branchMap":{},"s":{"0":0,"1":0,"2":0,"3":0},"f":{"0":0,"1":0},"b":{}}
,"/Users/bryanlee/Desktop/udemy/junior-to-senior/robofriends-redux2/src/components/Card.js": {"path":"/Users/bryanlee/Desktop/udemy/junior-to-senior/robofriends-redux2/src/components/Card.js","statementMap":{"0":{"start":{"line":3,"column":13},"end":{"line":13,"column":1}},"1":{"start":{"line":4,"column":2},"end":{"line":12,"column":4}}},"fnMap":{"0":{"name":"(anonymous_0)","decl":{"start":{"line":3,"column":13},"end":{"line":3,"column":14}},"loc":{"start":{"line":3,"column":38},"end":{"line":13,"column":1}},"line":3}},"branchMap":{},"s":{"0":3,"1":1},"f":{"0":1},"b":{},"_coverageSchema":"332fd63041d2c1bcb487cc26dd0d5f7d97098a6c","hash":"bd2159ecc0aca5df360a64cdebb75868f8facc90"}
,"/Users/bryanlee/Desktop/udemy/junior-to-senior/robofriends-redux2/src/components/CardList.js": {"path":"/Users/bryanlee/Desktop/udemy/junior-to-senior/robofriends-redux2/src/components/CardList.js","statementMap":{"0":{"start":{"line":4,"column":17},"end":{"line":21,"column":1}},"1":{"start":{"line":5,"column":2},"end":{"line":20,"column":4}},"2":{"start":{"line":9,"column":10},"end":{"line":16,"column":12}}},"fnMap":{"0":{"name":"(anonymous_0)","decl":{"start":{"line":4,"column":17},"end":{"line":4,"column":18}},"loc":{"start":{"line":4,"column":33},"end":{"line":21,"column":1}},"line":4},"1":{"name":"(anonymous_1)","decl":{"start":{"line":8,"column":19},"end":{"line":8,"column":20}},"loc":{"start":{"line":8,"column":32},"end":{"line":17,"column":9}},"line":8}},"branchMap":{},"s":{"0":2,"1":1,"2":1},"f":{"0":1,"1":1},"b":{},"_coverageSchema":"332fd63041d2c1bcb487cc26dd0d5f7d97098a6c","hash":"7cedbf805329e075cb094285b884a88e520ba78c"}
,"/Users/bryanlee/Desktop/udemy/junior-to-senior/robofriends-redux2/src/components/CounterButton.js": {"path":"/Users/bryanlee/Desktop/udemy/junior-to-senior/robofriends-redux2/src/components/CounterButton.js","statementMap":{"0":{"start":{"line":5,"column":4},"end":{"line":5,"column":17}},"1":{"start":{"line":6,"column":4},"end":{"line":6,"column":28}},"2":{"start":{"line":10,"column":4},"end":{"line":12,"column":5}},"3":{"start":{"line":11,"column":6},"end":{"line":11,"column":18}},"4":{"start":{"line":13,"column":4},"end":{"line":13,"column":17}},"5":{"start":{"line":17,"column":4},"end":{"line":24,"column":6}},"6":{"start":{"line":21,"column":23},"end":{"line":21,"column":73}},"7":{"start":{"line":21,"column":47},"end":{"line":21,"column":71}}},"fnMap":{"0":{"name":"(anonymous_0)","decl":{"start":{"line":4,"column":2},"end":{"line":4,"column":3}},"loc":{"start":{"line":4,"column":21},"end":{"line":7,"column":3}},"line":4},"1":{"name":"(anonymous_1)","decl":{"start":{"line":9,"column":2},"end":{"line":9,"column":3}},"loc":{"start":{"line":9,"column":46},"end":{"line":14,"column":3}},"line":9},"2":{"name":"(anonymous_2)","decl":{"start":{"line":16,"column":2},"end":{"line":16,"column":3}},"loc":{"start":{"line":16,"column":11},"end":{"line":25,"column":3}},"line":16},"3":{"name":"(anonymous_3)","decl":{"start":{"line":21,"column":17},"end":{"line":21,"column":18}},"loc":{"start":{"line":21,"column":23},"end":{"line":21,"column":73}},"line":21},"4":{"name":"(anonymous_4)","decl":{"start":{"line":21,"column":37},"end":{"line":21,"column":38}},"loc":{"start":{"line":21,"column":47},"end":{"line":21,"column":71}},"line":21}},"branchMap":{"0":{"loc":{"start":{"line":10,"column":4},"end":{"line":12,"column":5}},"type":"if","locations":[{"start":{"line":10,"column":4},"end":{"line":12,"column":5}},{"start":{"line":10,"column":4},"end":{"line":12,"column":5}}],"line":10}},"s":{"0":2,"1":2,"2":1,"3":1,"4":0,"5":3,"6":1,"7":1},"f":{"0":2,"1":1,"2":3,"3":1,"4":1},"b":{"0":[1,0]},"_coverageSchema":"332fd63041d2c1bcb487cc26dd0d5f7d97098a6c","hash":"8b0262637883c55894153043bd54f9314365d4e8"}
,"/Users/bryanlee/Desktop/udemy/junior-to-senior/robofriends-redux2/src/components/ErrorBoundry.js": {"path":"/Users/bryanlee/Desktop/udemy/junior-to-senior/robofriends-redux2/src/components/ErrorBoundry.js","statementMap":{"0":{"start":{"line":5,"column":4},"end":{"line":5,"column":16}},"1":{"start":{"line":6,"column":4},"end":{"line":6,"column":36}},"2":{"start":{"line":10,"column":4},"end":{"line":10,"column":37}},"3":{"start":{"line":14,"column":4},"end":{"line":16,"column":5}},"4":{"start":{"line":15,"column":6},"end":{"line":15,"column":43}},"5":{"start":{"line":17,"column":4},"end":{"line":17,"column":30}}},"fnMap":{"0":{"name":"(anonymous_0)","decl":{"start":{"line":4,"column":2},"end":{"line":4,"column":3}},"loc":{"start":{"line":4,"column":22},"end":{"line":7,"column":3}},"line":4},"1":{"name":"(anonymous_1)","decl":{"start":{"line":9,"column":2},"end":{"line":9,"column":3}},"loc":{"start":{"line":9,"column":34},"end":{"line":11,"column":3}},"line":9},"2":{"name":"(anonymous_2)","decl":{"start":{"line":13,"column":2},"end":{"line":13,"column":3}},"loc":{"start":{"line":13,"column":12},"end":{"line":18,"column":3}},"line":13}},"branchMap":{"0":{"loc":{"start":{"line":14,"column":4},"end":{"line":16,"column":5}},"type":"if","locations":[{"start":{"line":14,"column":4},"end":{"line":16,"column":5}},{"start":{"line":14,"column":4},"end":{"line":16,"column":5}}],"line":14}},"s":{"0":0,"1":0,"2":0,"3":0,"4":0,"5":0},"f":{"0":0,"1":0,"2":0},"b":{"0":[0,0]},"_coverageSchema":"332fd63041d2c1bcb487cc26dd0d5f7d97098a6c","hash":"041999b72865001c8be5d23f24912751ff73bddf"}
,"/Users/bryanlee/Desktop/udemy/junior-to-senior/robofriends-redux2/src/components/Header.js": {"path":"/Users/bryanlee/Desktop/udemy/junior-to-senior/robofriends-redux2/src/components/Header.js","statementMap":{"0":{"start":{"line":11,"column":4},"end":{"line":11,"column":16}},"1":{"start":{"line":14,"column":4},"end":{"line":14,"column":25}},"2":{"start":{"line":15,"column":4},"end":{"line":20,"column":6}}},"fnMap":{"0":{"name":"(anonymous_0)","decl":{"start":{"line":10,"column":2},"end":{"line":10,"column":3}},"loc":{"start":{"line":10,"column":46},"end":{"line":12,"column":3}},"line":10},"1":{"name":"(anonymous_1)","decl":{"start":{"line":13,"column":2},"end":{"line":13,"column":3}},"loc":{"start":{"line":13,"column":11},"end":{"line":21,"column":3}},"line":13}},"branchMap":{},"s":{"0":0,"1":0,"2":0},"f":{"0":0,"1":0},"b":{},"_coverageSchema":"332fd63041d2c1bcb487cc26dd0d5f7d97098a6c","hash":"91814fd303226fce115fc8ea636c0cfb2a0665a7"}
,"/Users/bryanlee/Desktop/udemy/junior-to-senior/robofriends-redux2/src/components/MainPage.js": {"path":"/Users/bryanlee/Desktop/udemy/junior-to-senior/robofriends-redux2/src/components/MainPage.js","statementMap":{"0":{"start":{"line":12,"column":4},"end":{"line":12,"column":33}},"1":{"start":{"line":16,"column":4},"end":{"line":18,"column":6}},"2":{"start":{"line":17,"column":6},"end":{"line":17,"column":85}},"3":{"start":{"line":22,"column":42},"end":{"line":22,"column":52}},"4":{"start":{"line":23,"column":4},"end":{"line":35,"column":6}}},"fnMap":{"0":{"name":"(anonymous_0)","decl":{"start":{"line":11,"column":2},"end":{"line":11,"column":3}},"loc":{"start":{"line":11,"column":22},"end":{"line":13,"column":3}},"line":11},"1":{"name":"(anonymous_1)","decl":{"start":{"line":15,"column":17},"end":{"line":15,"column":18}},"loc":{"start":{"line":15,"column":23},"end":{"line":19,"column":3}},"line":15},"2":{"name":"(anonymous_2)","decl":{"start":{"line":16,"column":36},"end":{"line":16,"column":37}},"loc":{"start":{"line":16,"column":45},"end":{"line":18,"column":5}},"line":16},"3":{"name":"(anonymous_3)","decl":{"start":{"line":21,"column":2},"end":{"line":21,"column":3}},"loc":{"start":{"line":21,"column":11},"end":{"line":36,"column":3}},"line":21}},"branchMap":{"0":{"loc":{"start":{"line":28,"column":12},"end":{"line":31,"column":27}},"type":"cond-expr","locations":[{"start":{"line":28,"column":24},"end":{"line":28,"column":40}},{"start":{"line":29,"column":12},"end":{"line":31,"column":27}}],"line":28}},"s":{"0":5,"1":7,"2":4,"3":5,"4":5},"f":{"0":5,"1":7,"2":4,"3":5},"b":{"0":[0,5]},"_coverageSchema":"332fd63041d2c1bcb487cc26dd0d5f7d97098a6c","hash":"1ca632a1e728cfda08c3aa2828733a75a2dfed2b"}
,"/Users/bryanlee/Desktop/udemy/junior-to-senior/robofriends-redux2/src/components/Scroll.js": {"path":"/Users/bryanlee/Desktop/udemy/junior-to-senior/robofriends-redux2/src/components/Scroll.js","statementMap":{"0":{"start":{"line":3,"column":15},"end":{"line":9,"column":1}},"1":{"start":{"line":4,"column":2},"end":{"line":8,"column":4}}},"fnMap":{"0":{"name":"(anonymous_0)","decl":{"start":{"line":3,"column":15},"end":{"line":3,"column":16}},"loc":{"start":{"line":3,"column":26},"end":{"line":9,"column":1}},"line":3}},"branchMap":{},"s":{"0":1,"1":0},"f":{"0":0},"b":{},"_coverageSchema":"332fd63041d2c1bcb487cc26dd0d5f7d97098a6c","hash":"c147d5f35ccad852d1ecada634dac6dedfcba3e5"}
,"/Users/bryanlee/Desktop/udemy/junior-to-senior/robofriends-redux2/src/components/SearchBox.js": {"path":"/Users/bryanlee/Desktop/udemy/junior-to-senior/robofriends-redux2/src/components/SearchBox.js","statementMap":{"0":{"start":{"line":3,"column":18},"end":{"line":15,"column":1}},"1":{"start":{"line":4,"column":2},"end":{"line":14,"column":4}}},"fnMap":{"0":{"name":"(anonymous_0)","decl":{"start":{"line":3,"column":18},"end":{"line":3,"column":19}},"loc":{"start":{"line":3,"column":53},"end":{"line":15,"column":1}},"line":3}},"branchMap":{},"s":{"0":1,"1":0},"f":{"0":0},"b":{},"_coverageSchema":"332fd63041d2c1bcb487cc26dd0d5f7d97098a6c","hash":"f0aafc3b714980d9ddeccec797bcadaac42985e3"}
,"/Users/bryanlee/Desktop/udemy/junior-to-senior/robofriends-redux2/src/containers/App.js": {"path":"/Users/bryanlee/Desktop/udemy/junior-to-senior/robofriends-redux2/src/containers/App.js","statementMap":{"0":{"start":{"line":1,"column":13},"end":{"line":1,"column":75}},"1":{"start":{"line":1,"column":94},"end":{"line":1,"column":183}},"2":{"start":{"line":1,"column":197},"end":{"line":1,"column":213}},"3":{"start":{"line":1,"column":228},"end":{"line":1,"column":258}},"4":{"start":{"line":2,"column":18},"end":{"line":2,"column":40}},"5":{"start":{"line":3,"column":15},"end":{"line":3,"column":36}},"6":{"start":{"line":5,"column":16},"end":{"line":5,"column":49}},"7":{"start":{"line":5,"column":67},"end":{"line":5,"column":100}},"8":{"start":{"line":7,"column":0},"end":{"line":7,"column":21}},"9":{"start":{"line":7,"column":59},"end":{"line":7,"column":113}},"10":{"start":{"line":10,"column":24},"end":{"line":16,"column":1}},"11":{"start":{"line":11,"column":2},"end":{"line":14,"column":47}},"12":{"start":{"line":20,"column":27},"end":{"line":25,"column":1}},"13":{"start":{"line":21,"column":2},"end":{"line":23,"column":69}},"14":{"start":{"line":22,"column":29},"end":{"line":22,"column":87}},"15":{"start":{"line":23,"column":27},"end":{"line":23,"column":66}},"16":{"start":{"line":29,"column":4},"end":{"line":29,"column":33}},"17":{"start":{"line":33,"column":4},"end":{"line":33,"column":164}},"18":{"start":{"line":38,"column":0},"end":{"line":38,"column":85}}},"fnMap":{"0":{"name":"_interopRequireDefault","decl":{"start":{"line":7,"column":30},"end":{"line":7,"column":52}},"loc":{"start":{"line":7,"column":58},"end":{"line":7,"column":114}},"line":7},"1":{"name":"(anonymous_1)","decl":{"start":{"line":10,"column":24},"end":{"line":10,"column":25}},"loc":{"start":{"line":10,"column":33},"end":{"line":16,"column":1}},"line":10},"2":{"name":"(anonymous_2)","decl":{"start":{"line":20,"column":27},"end":{"line":20,"column":28}},"loc":{"start":{"line":20,"column":39},"end":{"line":25,"column":1}},"line":20},"3":{"name":"(anonymous_3)","decl":{"start":{"line":22,"column":20},"end":{"line":22,"column":21}},"loc":{"start":{"line":22,"column":29},"end":{"line":22,"column":87}},"line":22},"4":{"name":"(anonymous_4)","decl":{"start":{"line":23,"column":21},"end":{"line":23,"column":22}},"loc":{"start":{"line":23,"column":27},"end":{"line":23,"column":66}},"line":23},"5":{"name":"(anonymous_5)","decl":{"start":{"line":28,"column":2},"end":{"line":28,"column":3}},"loc":{"start":{"line":28,"column":22},"end":{"line":30,"column":3}},"line":28},"6":{"name":"(anonymous_6)","decl":{"start":{"line":32,"column":2},"end":{"line":32,"column":3}},"loc":{"start":{"line":32,"column":11},"end":{"line":34,"column":3}},"line":32}},"branchMap":{"0":{"loc":{"start":{"line":7,"column":66},"end":{"line":7,"column":112}},"type":"cond-expr","locations":[{"start":{"line":7,"column":90},"end":{"line":7,"column":93}},{"start":{"line":7,"column":96},"end":{"line":7,"column":112}}],"line":7},"1":{"loc":{"start":{"line":7,"column":66},"end":{"line":7,"column":87}},"type":"binary-expr","locations":[{"start":{"line":7,"column":66},"end":{"line":7,"column":69}},{"start":{"line":7,"column":73},"end":{"line":7,"column":87}}],"line":7}},"s":{"0":0,"1":0,"2":0,"3":0,"4":0,"5":0,"6":0,"7":0,"8":0,"9":0,"10":0,"11":0,"12":0,"13":0,"14":0,"15":0,"16":0,"17":0,"18":0},"f":{"0":0,"1":0,"2":0,"3":0,"4":0,"5":0,"6":0},"b":{"0":[0,0],"1":[0,0]}}
}
