TN:
SF:/Users/bryanlee/Desktop/udemy/junior-to-senior/robofriends-redux2/src/actions.js
FN:10,(anonymous_0)
FN:12,(anonymous_1)
FN:12,(anonymous_2)
FN:15,(anonymous_3)
FN:16,(anonymous_4)
FNF:5
FNH:0
FNDA:0,(anonymous_0)
FNDA:0,(anonymous_1)
FNDA:0,(anonymous_2)
FNDA:0,(anonymous_3)
FNDA:0,(anonymous_4)
DA:1,0
DA:2,0
DA:10,0
DA:12,0
DA:13,0
DA:14,0
DA:15,0
DA:16,0
LF:8
LH:0
BRF:0
BRH:0
end_of_record
TN:
SF:/Users/bryanlee/Desktop/udemy/junior-to-senior/robofriends-redux2/src/constants.js
FNF:0
FNH:0
DA:1,0
DA:3,0
DA:4,0
DA:5,0
LF:4
LH:0
BRF:0
BRH:0
end_of_record
TN:
SF:/Users/bryanlee/Desktop/udemy/junior-to-senior/robofriends-redux2/src/index.js
FN:13,_interopRequireWildcard
FN:13,_interopRequireDefault
FNF:2
FNH:0
FNDA:0,_interopRequireWildcard
FNDA:0,_interopRequireDefault
DA:1,0
DA:2,0
DA:3,0
DA:4,0
DA:5,0
DA:6,0
DA:7,0
DA:9,0
DA:10,0
DA:11,0
DA:13,0
DA:15,0
DA:17,0
DA:19,0
DA:21,0
DA:31,0
LF:16
LH:0
BRDA:13,0,0,0
BRDA:13,0,1,0
BRDA:13,1,0,0
BRDA:13,1,1,0
BRDA:13,2,0,0
BRDA:13,2,1,0
BRDA:13,3,0,0
BRDA:13,3,1,0
BRDA:13,4,0,0
BRDA:13,4,1,0
BRDA:13,5,0,0
BRDA:13,5,1,0
BRF:12
BRH:0
end_of_record
TN:
SF:/Users/bryanlee/Desktop/udemy/junior-to-senior/robofriends-redux2/src/reducers.js
FN:12,(anonymous_0)
FN:26,(anonymous_1)
FNF:2
FNH:0
FNDA:0,(anonymous_0)
FNDA:0,(anonymous_1)
DA:1,0
DA:8,0
DA:12,0
DA:13,0
DA:15,0
DA:17,0
DA:21,0
DA:26,0
DA:27,0
DA:29,0
DA:31,0
DA:33,0
DA:35,0
LF:13
LH:0
BRDA:12,0,0,0
BRDA:12,1,0,0
BRDA:13,2,0,0
BRDA:13,2,1,0
BRDA:26,3,0,0
BRDA:26,4,0,0
BRDA:27,5,0,0
BRDA:27,5,1,0
BRDA:27,5,2,0
BRDA:27,5,3,0
BRF:10
BRH:0
end_of_record
TN:
SF:/Users/bryanlee/Desktop/udemy/junior-to-senior/robofriends-redux2/src/serviceWorker.js
FN:142,register
FN:146,(anonymous_1)
FN:149,(anonymous_2)
FN:150,registerValidSW
FN:150,(anonymous_4)
FN:150,(anonymous_5)
FN:150,(anonymous_6)
FN:158,(anonymous_7)
FN:158,checkValidServiceWorker
FN:159,(anonymous_9)
FN:161,(anonymous_10)
FN:161,(anonymous_11)
FN:162,(anonymous_12)
FN:162,unregister
FN:162,(anonymous_14)
FN:162,(anonymous_15)
FNF:16
FNH:0
FNDA:0,register
FNDA:0,(anonymous_1)
FNDA:0,(anonymous_2)
FNDA:0,registerValidSW
FNDA:0,(anonymous_4)
FNDA:0,(anonymous_5)
FNDA:0,(anonymous_6)
FNDA:0,(anonymous_7)
FNDA:0,checkValidServiceWorker
FNDA:0,(anonymous_9)
FNDA:0,(anonymous_10)
FNDA:0,(anonymous_11)
FNDA:0,(anonymous_12)
FNDA:0,unregister
FNDA:0,(anonymous_14)
FNDA:0,(anonymous_15)
DA:1,0
DA:23,0
DA:140,0
DA:142,0
DA:143,0
DA:146,0
DA:147,0
DA:149,0
DA:150,0
DA:153,0
DA:154,0
DA:157,0
DA:158,0
DA:159,0
DA:160,0
DA:161,0
DA:162,0
LF:17
LH:0
BRDA:140,0,0,0
BRDA:140,0,1,0
BRDA:140,0,2,0
BRDA:142,1,0,0
BRDA:142,1,1,0
BRDA:142,2,0,0
BRDA:142,2,1,0
BRDA:143,3,0,0
BRDA:143,3,1,0
BRDA:146,4,0,0
BRDA:146,4,1,0
BRDA:150,5,0,0
BRDA:150,5,1,0
BRDA:150,6,0,0
BRDA:150,6,1,0
BRDA:150,7,0,0
BRDA:150,7,1,0
BRDA:154,8,0,0
BRDA:154,8,1,0
BRDA:154,9,0,0
BRDA:154,9,1,0
BRDA:158,10,0,0
BRDA:158,10,1,0
BRDA:158,11,0,0
BRDA:158,11,1,0
BRDA:160,12,0,0
BRDA:160,12,1,0
BRDA:160,13,0,0
BRDA:160,13,1,0
BRDA:160,13,2,0
BRDA:162,14,0,0
BRDA:162,14,1,0
BRF:32
BRH:0
end_of_record
TN:
SF:/Users/bryanlee/Desktop/udemy/junior-to-senior/robofriends-redux2/src/setupTests.js
FNF:0
FNH:0
DA:4,4
LF:1
LH:1
BRF:0
BRH:0
end_of_record
TN:
SF:/Users/bryanlee/Desktop/udemy/junior-to-senior/robofriends-redux2/src/api/api.js
FN:1,(anonymous_0)
FN:2,(anonymous_1)
FNF:2
FNH:0
FNDA:0,(anonymous_0)
FNDA:0,(anonymous_1)
DA:1,0
DA:2,0
LF:2
LH:0
BRF:0
BRH:0
end_of_record
TN:
SF:/Users/bryanlee/Desktop/udemy/junior-to-senior/robofriends-redux2/src/components/Card.js
FN:3,(anonymous_0)
FNF:1
FNH:1
FNDA:1,(anonymous_0)
DA:3,3
DA:4,1
LF:2
LH:2
BRF:0
BRH:0
end_of_record
TN:
SF:/Users/bryanlee/Desktop/udemy/junior-to-senior/robofriends-redux2/src/components/CardList.js
FN:4,(anonymous_0)
FN:8,(anonymous_1)
FNF:2
FNH:2
FNDA:1,(anonymous_0)
FNDA:1,(anonymous_1)
DA:4,2
DA:5,1
DA:9,1
LF:3
LH:3
BRF:0
BRH:0
end_of_record
TN:
SF:/Users/bryanlee/Desktop/udemy/junior-to-senior/robofriends-redux2/src/components/CounterButton.js
FN:4,(anonymous_0)
FN:9,(anonymous_1)
FN:16,(anonymous_2)
FN:21,(anonymous_3)
FN:21,(anonymous_4)
FNF:5
FNH:5
FNDA:2,(anonymous_0)
FNDA:1,(anonymous_1)
FNDA:3,(anonymous_2)
FNDA:1,(anonymous_3)
FNDA:1,(anonymous_4)
DA:5,2
DA:6,2
DA:10,1
DA:11,1
DA:13,0
DA:17,3
DA:21,1
LF:7
LH:6
BRDA:10,0,0,1
BRDA:10,0,1,0
BRF:2
BRH:1
end_of_record
TN:
SF:/Users/bryanlee/Desktop/udemy/junior-to-senior/robofriends-redux2/src/components/ErrorBoundry.js
FN:4,(anonymous_0)
FN:9,(anonymous_1)
FN:13,(anonymous_2)
FNF:3
FNH:0
FNDA:0,(anonymous_0)
FNDA:0,(anonymous_1)
FNDA:0,(anonymous_2)
DA:5,0
DA:6,0
DA:10,0
DA:14,0
DA:15,0
DA:17,0
LF:6
LH:0
BRDA:14,0,0,0
BRDA:14,0,1,0
BRF:2
BRH:0
end_of_record
TN:
SF:/Users/bryanlee/Desktop/udemy/junior-to-senior/robofriends-redux2/src/components/Header.js
FN:10,(anonymous_0)
FN:13,(anonymous_1)
FNF:2
FNH:0
FNDA:0,(anonymous_0)
FNDA:0,(anonymous_1)
DA:11,0
DA:14,0
DA:15,0
LF:3
LH:0
BRF:0
BRH:0
end_of_record
TN:
SF:/Users/bryanlee/Desktop/udemy/junior-to-senior/robofriends-redux2/src/components/MainPage.js
FN:11,(anonymous_0)
FN:15,(anonymous_1)
FN:16,(anonymous_2)
FN:21,(anonymous_3)
FNF:4
FNH:4
FNDA:5,(anonymous_0)
FNDA:7,(anonymous_1)
FNDA:4,(anonymous_2)
FNDA:5,(anonymous_3)
DA:12,5
DA:16,7
DA:17,4
DA:22,5
DA:23,5
LF:5
LH:5
BRDA:28,0,0,0
BRDA:28,0,1,5
BRF:2
BRH:1
end_of_record
TN:
SF:/Users/bryanlee/Desktop/udemy/junior-to-senior/robofriends-redux2/src/components/Scroll.js
FN:3,(anonymous_0)
FNF:1
FNH:0
FNDA:0,(anonymous_0)
DA:3,1
DA:4,0
LF:2
LH:1
BRF:0
BRH:0
end_of_record
TN:
SF:/Users/bryanlee/Desktop/udemy/junior-to-senior/robofriends-redux2/src/components/SearchBox.js
FN:3,(anonymous_0)
FNF:1
FNH:0
FNDA:0,(anonymous_0)
DA:3,1
DA:4,0
LF:2
LH:1
BRF:0
BRH:0
end_of_record
TN:
SF:/Users/bryanlee/Desktop/udemy/junior-to-senior/robofriends-redux2/src/containers/App.js
FN:7,_interopRequireDefault
FN:10,(anonymous_1)
FN:20,(anonymous_2)
FN:22,(anonymous_3)
FN:23,(anonymous_4)
FN:28,(anonymous_5)
FN:32,(anonymous_6)
FNF:7
FNH:0
FNDA:0,_interopRequireDefault
FNDA:0,(anonymous_1)
FNDA:0,(anonymous_2)
FNDA:0,(anonymous_3)
FNDA:0,(anonymous_4)
FNDA:0,(anonymous_5)
FNDA:0,(anonymous_6)
DA:1,0
DA:2,0
DA:3,0
DA:5,0
DA:7,0
DA:10,0
DA:11,0
DA:20,0
DA:21,0
DA:22,0
DA:23,0
DA:29,0
DA:33,0
DA:38,0
LF:14
LH:0
BRDA:7,0,0,0
BRDA:7,0,1,0
BRDA:7,1,0,0
BRDA:7,1,1,0
BRF:4
BRH:0
end_of_record
